{
  "RSpec": {
    "coverage": {
      "/Users/jbar485/Desktop/judahs_food_products/config/environment.rb": [
        null,
        1,
        null,
        null,
        1
      ],
      "/Users/jbar485/Desktop/judahs_food_products/config/application.rb": [
        1,
        null,
        1,
        null,
        1,
        1,
        1,
        1,
        1,
        1,
        1,
        1,
        1,
        null,
        null,
        null,
        null,
        1,
        null,
        1,
        1,
        null,
        1,
        null,
        null,
        null,
        null,
        null,
        null,
        null,
        1,
        null,
        null
      ],
      "/Users/jbar485/Desktop/judahs_food_products/config/boot.rb": [
        1,
        null,
        1,
        1
      ],
      "/Users/jbar485/Desktop/judahs_food_products/config/spring.rb": [
        null,
        null,
        null,
        null,
        null,
        5
      ],
      "/Users/jbar485/Desktop/judahs_food_products/config/environments/test.rb": [
        1,
        null,
        null,
        null,
        null,
        null,
        null,
        1,
        null,
        null,
        null,
        null,
        1,
        null,
        null,
        1,
        1,
        null,
        null,
        null,
        null,
        1,
        1,
        null,
        null,
        1,
        null,
        null,
        1,
        null,
        null,
        1,
        null,
        1,
        null,
        null,
        null,
        null,
        1,
        null,
        null,
        1,
        null,
        null,
        null,
        null
      ],
      "/Users/jbar485/Desktop/judahs_food_products/config/initializers/application_controller_renderer.rb": [
        null,
        null,
        null,
        null,
        null,
        null,
        null,
        null
      ],
      "/Users/jbar485/Desktop/judahs_food_products/config/initializers/assets.rb": [
        null,
        null,
        null,
        1,
        null,
        null,
        null,
        null,
        1,
        null,
        null,
        null,
        null,
        null
      ],
      "/Users/jbar485/Desktop/judahs_food_products/config/initializers/backtrace_silencers.rb": [
        null,
        null,
        null,
        null,
        null,
        null,
        null
      ],
      "/Users/jbar485/Desktop/judahs_food_products/config/initializers/content_security_policy.rb": [
        null,
        null,
        null,
        null,
        null,
        null,
        null,
        null,
        null,
        null,
        null,
        null,
        null,
        null,
        null,
        null,
        null,
        null,
        null,
        null,
        null,
        null,
        null,
        null,
        null
      ],
      "/Users/jbar485/Desktop/judahs_food_products/config/initializers/cookies_serializer.rb": [
        null,
        null,
        null,
        null,
        1
      ],
      "/Users/jbar485/Desktop/judahs_food_products/config/initializers/filter_parameter_logging.rb": [
        null,
        null,
        null,
        1
      ],
      "/Users/jbar485/Desktop/judahs_food_products/config/initializers/inflections.rb": [
        null,
        null,
        null,
        null,
        null,
        null,
        null,
        null,
        null,
        null,
        null,
        null,
        null,
        null,
        null,
        null
      ],
      "/Users/jbar485/Desktop/judahs_food_products/config/initializers/mime_types.rb": [
        null,
        null,
        null,
        null
      ],
      "/Users/jbar485/Desktop/judahs_food_products/config/initializers/wrap_parameters.rb": [
        null,
        null,
        null,
        null,
        null,
        null,
        1,
        2,
        null,
        null,
        null,
        null,
        null,
        null
      ],
      "/Users/jbar485/Desktop/judahs_food_products/app/channels/application_cable/channel.rb": [
        1,
        1,
        null,
        null
      ],
      "/Users/jbar485/Desktop/judahs_food_products/app/channels/application_cable/connection.rb": [
        1,
        1,
        null,
        null
      ],
      "/Users/jbar485/Desktop/judahs_food_products/app/controllers/application_controller.rb": [
        1,
        1,
        1,
        null,
        1,
        60,
        50,
        null,
        null,
        null,
        1,
        0,
        0,
        0,
        null,
        null,
        null
      ],
      "/Users/jbar485/Desktop/judahs_food_products/app/helpers/application_helper.rb": [
        1,
        null
      ],
      "/Users/jbar485/Desktop/judahs_food_products/app/controllers/products_controller.rb": [
        1,
        null,
        null,
        1,
        4,
        null,
        null,
        1,
        10,
        null,
        null,
        1,
        3,
        null,
        null,
        1,
        3,
        3,
        2,
        2,
        null,
        1,
        1,
        null,
        null,
        null,
        1,
        0,
        null,
        null,
        1,
        0,
        null,
        null,
        1,
        0,
        0,
        0,
        null,
        0,
        null,
        null,
        null,
        1,
        0,
        0,
        0,
        null,
        null,
        1,
        1,
        3,
        null,
        null,
        null
      ],
      "/Users/jbar485/Desktop/judahs_food_products/app/controllers/reviews_controller.rb": [
        1,
        null,
        null,
        1,
        0,
        0,
        null,
        null,
        1,
        0,
        0,
        0,
        0,
        0,
        null,
        0,
        0,
        null,
        null,
        null,
        1,
        0,
        0,
        null,
        null,
        1,
        0,
        0,
        null,
        null,
        1,
        0,
        0,
        0,
        null,
        0,
        null,
        null,
        null,
        1,
        0,
        0,
        0,
        null,
        null,
        1,
        1,
        0,
        null,
        null
      ],
      "/Users/jbar485/Desktop/judahs_food_products/app/controllers/sessions_controller.rb": [
        1,
        1,
        3,
        3,
        3,
        3,
        3,
        null,
        0,
        0,
        null,
        null,
        null,
        1,
        3,
        3,
        3,
        null,
        null
      ],
      "/Users/jbar485/Desktop/judahs_food_products/app/controllers/users_controller.rb": [
        1,
        null,
        1,
        3,
        null,
        null,
        1,
        3,
        3,
        3,
        3,
        3,
        null,
        0,
        0,
        null,
        null,
        null,
        1,
        null,
        1,
        3,
        null,
        null
      ],
      "/Users/jbar485/Desktop/judahs_food_products/app/jobs/application_job.rb": [
        1,
        null
      ],
      "/Users/jbar485/Desktop/judahs_food_products/app/mailers/application_mailer.rb": [
        1,
        1,
        1,
        null
      ],
      "/Users/jbar485/Desktop/judahs_food_products/app/models/application_record.rb": [
        1,
        1,
        null
      ],
      "/Users/jbar485/Desktop/judahs_food_products/app/models/product.rb": [
        1,
        1,
        null,
        7,
        11,
        1,
        null,
        null,
        null,
        null,
        10,
        null,
        null,
        1,
        0,
        null,
        null,
        1,
        1,
        1,
        1,
        null,
        1,
        null,
        1,
        1,
        4,
        4,
        null,
        null
      ],
      "/Users/jbar485/Desktop/judahs_food_products/app/models/review.rb": [
        1,
        1,
        null,
        1,
        1,
        1,
        1,
        1,
        null,
        1,
        null,
        1,
        1,
        0,
        null,
        null
      ],
      "/Users/jbar485/Desktop/judahs_food_products/app/models/user.rb": [
        1,
        1,
        1,
        1,
        1,
        null,
        1,
        5,
        5,
        null,
        null,
        1,
        3,
        3,
        3,
        null,
        null,
        null,
        null,
        null
      ],
      "/Users/jbar485/Desktop/judahs_food_products/spec/factories.rb": [
        1,
        1,
        1,
        1,
        1,
        null,
        null,
        1,
        1,
        1,
        1,
        null,
        null
      ],
      "/Users/jbar485/Desktop/judahs_food_products/config/routes.rb": [
        1,
        1,
        1,
        1,
        null,
        null,
        1,
        1,
        null,
        1,
        1,
        1,
        null
      ],
      "/Users/jbar485/Desktop/judahs_food_products/spec/features/add_review_pages_spec.rb": [
        1
      ],
      "/Users/jbar485/Desktop/judahs_food_products/spec/models/product_spec.rb": [
        1,
        null,
        1,
        2,
        2,
        2,
        2,
        2,
        1,
        1,
        1,
        null,
        1,
        1,
        1,
        null,
        null
      ],
      "/Users/jbar485/Desktop/judahs_food_products/spec/models/review_spec.rb": [
        1,
        null,
        1,
        2,
        2,
        2,
        2,
        2,
        2,
        2,
        null
      ],
      "/Users/jbar485/Desktop/judahs_food_products/spec/models/user_spec.rb": [
        1,
        null,
        1,
        2,
        2,
        2,
        null
      ]
    },
    "timestamp": 1579903945
  }
}
